<?xml version="1.0" encoding="UTF-8"?>
<!-- Generated by org.testng.reporters.JUnitXMLReporter -->
<testsuite hostname="LAPTOP-D64JQOGG" ignored="0" name="Default test" tests="4" failures="0" timestamp="2021-06-14T10:39:49 CEST" time="35.433" errors="0">
  <testcase name="logInWithValidCredentials" time="4.29" classname="tests.LogInTests"/>
  <testcase name="logInWrongCredentials" time="3.268" classname="tests.LogInTests"/>
  <testcase name="logInEmptyCredentials" time="3.939" classname="tests.LogInTests"/>
  <testcase name="logOut" time="7.569" classname="tests.LogInTests"/>
</testsuite> <!-- Default test -->
