<?xml version="1.0" encoding="UTF-8"?>
<testng-results skipped="0" failed="1" ignored="0" total="3" passed="2">
  <reporter-output>
  </reporter-output>
  <suite name="Default suite" duration-ms="62067" started-at="2021-06-20T21:11:54 CEST" finished-at="2021-06-20T21:12:56 CEST">
    <groups>
    </groups>
    <test name="Default test" duration-ms="62067" started-at="2021-06-20T21:11:54 CEST" finished-at="2021-06-20T21:12:56 CEST">
      <class name="tests.MyWishListTest">
        <test-method status="PASS" signature="beforeAllTests()[pri:0, instance:tests.MyWishListTest@fad74ee]" name="beforeAllTests" is-config="true" duration-ms="3383" started-at="2021-06-20T21:11:54 CEST" finished-at="2021-06-20T21:11:57 CEST">
          <reporter-output>
          </reporter-output>
        </test-method> <!-- beforeAllTests -->
        <test-method status="PASS" signature="beforeEveryTest()[pri:0, instance:tests.MyWishListTest@fad74ee]" name="beforeEveryTest" is-config="true" duration-ms="6342" started-at="2021-06-20T21:11:57 CEST" finished-at="2021-06-20T21:12:04 CEST">
          <reporter-output>
          </reporter-output>
        </test-method> <!-- beforeEveryTest -->
        <test-method status="PASS" signature="addWishList()[pri:0, instance:tests.MyWishListTest@fad74ee]" name="addWishList" duration-ms="14478" started-at="2021-06-20T21:12:04 CEST" finished-at="2021-06-20T21:12:18 CEST">
          <reporter-output>
          </reporter-output>
        </test-method> <!-- addWishList -->
        <test-method status="PASS" signature="nakonSvakogTesta()[pri:0, instance:tests.MyWishListTest@fad74ee]" name="nakonSvakogTesta" is-config="true" duration-ms="1413" started-at="2021-06-20T21:12:18 CEST" finished-at="2021-06-20T21:12:19 CEST">
          <reporter-output>
          </reporter-output>
        </test-method> <!-- nakonSvakogTesta -->
        <test-method status="PASS" signature="beforeEveryTest()[pri:0, instance:tests.MyWishListTest@fad74ee]" name="beforeEveryTest" is-config="true" duration-ms="3831" started-at="2021-06-20T21:12:19 CEST" finished-at="2021-06-20T21:12:23 CEST">
          <reporter-output>
          </reporter-output>
        </test-method> <!-- beforeEveryTest -->
        <test-method status="PASS" signature="deleteWishList()[pri:5, instance:tests.MyWishListTest@fad74ee]" name="deleteWishList" duration-ms="10660" started-at="2021-06-20T21:12:23 CEST" finished-at="2021-06-20T21:12:34 CEST">
          <reporter-output>
          </reporter-output>
        </test-method> <!-- deleteWishList -->
        <test-method status="PASS" signature="nakonSvakogTesta()[pri:0, instance:tests.MyWishListTest@fad74ee]" name="nakonSvakogTesta" is-config="true" duration-ms="5041" started-at="2021-06-20T21:12:34 CEST" finished-at="2021-06-20T21:12:39 CEST">
          <reporter-output>
          </reporter-output>
        </test-method> <!-- nakonSvakogTesta -->
        <test-method status="PASS" signature="beforeEveryTest()[pri:0, instance:tests.MyWishListTest@fad74ee]" name="beforeEveryTest" is-config="true" duration-ms="2405" started-at="2021-06-20T21:12:39 CEST" finished-at="2021-06-20T21:12:41 CEST">
          <reporter-output>
          </reporter-output>
        </test-method> <!-- beforeEveryTest -->
        <test-method status="FAIL" signature="addMultipleWishList()[pri:10, instance:tests.MyWishListTest@fad74ee]" name="addMultipleWishList" duration-ms="10564" started-at="2021-06-20T21:12:41 CEST" finished-at="2021-06-20T21:12:52 CEST">
          <exception class="java.lang.NullPointerException">
            <full-stacktrace>
              <![CDATA[java.lang.NullPointerException
at tests.ExcelReader.getStringData(ExcelReader.java:29)
at tests.MyWishListTest.addMultipleWishList(MyWishListTest.java:56)
at sun.reflect.NativeMethodAccessorImpl.invoke0(Native Method)
at sun.reflect.NativeMethodAccessorImpl.invoke(Unknown Source)
at sun.reflect.DelegatingMethodAccessorImpl.invoke(Unknown Source)
at java.lang.reflect.Method.invoke(Unknown Source)
at org.testng.internal.MethodInvocationHelper.invokeMethod(MethodInvocationHelper.java:133)
at org.testng.internal.TestInvoker.invokeMethod(TestInvoker.java:598)
at org.testng.internal.TestInvoker.invokeTestMethod(TestInvoker.java:173)
at org.testng.internal.MethodRunner.runInSequence(MethodRunner.java:46)
at org.testng.internal.TestInvoker$MethodInvocationAgent.invoke(TestInvoker.java:824)
at org.testng.internal.TestInvoker.invokeTestMethods(TestInvoker.java:146)
at org.testng.internal.TestMethodWorker.invokeTestMethods(TestMethodWorker.java:146)
at org.testng.internal.TestMethodWorker.run(TestMethodWorker.java:128)
at java.util.ArrayList.forEach(Unknown Source)
at org.testng.TestRunner.privateRun(TestRunner.java:794)
at org.testng.TestRunner.run(TestRunner.java:596)
at org.testng.SuiteRunner.runTest(SuiteRunner.java:377)
at org.testng.SuiteRunner.runSequentially(SuiteRunner.java:371)
at org.testng.SuiteRunner.privateRun(SuiteRunner.java:332)
at org.testng.SuiteRunner.run(SuiteRunner.java:276)
at org.testng.SuiteRunnerWorker.runSuite(SuiteRunnerWorker.java:53)
at org.testng.SuiteRunnerWorker.run(SuiteRunnerWorker.java:96)
at org.testng.TestNG.runSuitesSequentially(TestNG.java:1212)
at org.testng.TestNG.runSuitesLocally(TestNG.java:1134)
at org.testng.TestNG.runSuites(TestNG.java:1063)
at org.testng.TestNG.run(TestNG.java:1031)
at org.testng.remote.AbstractRemoteTestNG.run(AbstractRemoteTestNG.java:115)
at org.testng.remote.RemoteTestNG.initAndRun(RemoteTestNG.java:251)
at org.testng.remote.RemoteTestNG.main(RemoteTestNG.java:77)
]]>
            </full-stacktrace>
          </exception> <!-- java.lang.NullPointerException -->
          <reporter-output>
          </reporter-output>
        </test-method> <!-- addMultipleWishList -->
        <test-method status="PASS" signature="nakonSvakogTesta()[pri:0, instance:tests.MyWishListTest@fad74ee]" name="nakonSvakogTesta" is-config="true" duration-ms="3694" started-at="2021-06-20T21:12:52 CEST" finished-at="2021-06-20T21:12:56 CEST">
          <reporter-output>
          </reporter-output>
        </test-method> <!-- nakonSvakogTesta -->
        <test-method status="PASS" signature="aferAllTests()[pri:0, instance:tests.MyWishListTest@fad74ee]" name="aferAllTests" is-config="true" duration-ms="187" started-at="2021-06-20T21:12:56 CEST" finished-at="2021-06-20T21:12:56 CEST">
          <reporter-output>
          </reporter-output>
        </test-method> <!-- aferAllTests -->
      </class> <!-- tests.MyWishListTest -->
    </test> <!-- Default test -->
  </suite> <!-- Default suite -->
</testng-results>
