<?xml version="1.0" encoding="UTF-8"?>
<testng-results skipped="0" failed="0" ignored="0" total="4" passed="4">
  <reporter-output>
  </reporter-output>
  <suite name="Default suite" duration-ms="35433" started-at="2021-06-14T10:39:13 CEST" finished-at="2021-06-14T10:39:49 CEST">
    <groups>
    </groups>
    <test name="Default test" duration-ms="35433" started-at="2021-06-14T10:39:13 CEST" finished-at="2021-06-14T10:39:49 CEST">
      <class name="tests.LogInTests">
        <test-method status="PASS" signature="beforeAllTests()[pri:0, instance:tests.LogInTests@fad74ee]" name="beforeAllTests" is-config="true" duration-ms="2611" started-at="2021-06-14T10:39:13 CEST" finished-at="2021-06-14T10:39:16 CEST">
          <reporter-output>
          </reporter-output>
        </test-method> <!-- beforeAllTests -->
        <test-method status="PASS" signature="beforeEveryTest()[pri:0, instance:tests.LogInTests@fad74ee]" name="beforeEveryTest" is-config="true" duration-ms="3462" started-at="2021-06-14T10:39:16 CEST" finished-at="2021-06-14T10:39:19 CEST">
          <reporter-output>
          </reporter-output>
        </test-method> <!-- beforeEveryTest -->
        <test-method status="PASS" signature="logInWithValidCredentials()[pri:0, instance:tests.LogInTests@fad74ee]" name="logInWithValidCredentials" duration-ms="4290" started-at="2021-06-14T10:39:19 CEST" finished-at="2021-06-14T10:39:23 CEST">
          <reporter-output>
          </reporter-output>
        </test-method> <!-- logInWithValidCredentials -->
        <test-method status="PASS" signature="nakonSvakogTesta()[pri:0, instance:tests.LogInTests@fad74ee]" name="nakonSvakogTesta" is-config="true" duration-ms="1979" started-at="2021-06-14T10:39:23 CEST" finished-at="2021-06-14T10:39:25 CEST">
          <reporter-output>
          </reporter-output>
        </test-method> <!-- nakonSvakogTesta -->
        <test-method status="PASS" signature="beforeEveryTest()[pri:0, instance:tests.LogInTests@fad74ee]" name="beforeEveryTest" is-config="true" duration-ms="2348" started-at="2021-06-14T10:39:25 CEST" finished-at="2021-06-14T10:39:28 CEST">
          <reporter-output>
          </reporter-output>
        </test-method> <!-- beforeEveryTest -->
        <test-method status="PASS" signature="logInWrongCredentials()[pri:5, instance:tests.LogInTests@fad74ee]" name="logInWrongCredentials" duration-ms="3268" started-at="2021-06-14T10:39:28 CEST" finished-at="2021-06-14T10:39:31 CEST">
          <reporter-output>
          </reporter-output>
        </test-method> <!-- logInWrongCredentials -->
        <test-method status="PASS" signature="nakonSvakogTesta()[pri:0, instance:tests.LogInTests@fad74ee]" name="nakonSvakogTesta" is-config="true" duration-ms="955" started-at="2021-06-14T10:39:31 CEST" finished-at="2021-06-14T10:39:32 CEST">
          <reporter-output>
          </reporter-output>
        </test-method> <!-- nakonSvakogTesta -->
        <test-method status="PASS" signature="beforeEveryTest()[pri:0, instance:tests.LogInTests@fad74ee]" name="beforeEveryTest" is-config="true" duration-ms="1656" started-at="2021-06-14T10:39:32 CEST" finished-at="2021-06-14T10:39:34 CEST">
          <reporter-output>
          </reporter-output>
        </test-method> <!-- beforeEveryTest -->
        <test-method status="PASS" signature="logInEmptyCredentials()[pri:10, instance:tests.LogInTests@fad74ee]" name="logInEmptyCredentials" duration-ms="3939" started-at="2021-06-14T10:39:34 CEST" finished-at="2021-06-14T10:39:38 CEST">
          <reporter-output>
          </reporter-output>
        </test-method> <!-- logInEmptyCredentials -->
        <test-method status="PASS" signature="nakonSvakogTesta()[pri:0, instance:tests.LogInTests@fad74ee]" name="nakonSvakogTesta" is-config="true" duration-ms="757" started-at="2021-06-14T10:39:38 CEST" finished-at="2021-06-14T10:39:38 CEST">
          <reporter-output>
          </reporter-output>
        </test-method> <!-- nakonSvakogTesta -->
        <test-method status="PASS" signature="beforeEveryTest()[pri:0, instance:tests.LogInTests@fad74ee]" name="beforeEveryTest" is-config="true" duration-ms="1089" started-at="2021-06-14T10:39:38 CEST" finished-at="2021-06-14T10:39:39 CEST">
          <reporter-output>
          </reporter-output>
        </test-method> <!-- beforeEveryTest -->
        <test-method status="PASS" signature="logOut()[pri:15, instance:tests.LogInTests@fad74ee]" name="logOut" duration-ms="7569" started-at="2021-06-14T10:39:39 CEST" finished-at="2021-06-14T10:39:47 CEST">
          <reporter-output>
          </reporter-output>
        </test-method> <!-- logOut -->
        <test-method status="PASS" signature="nakonSvakogTesta()[pri:0, instance:tests.LogInTests@fad74ee]" name="nakonSvakogTesta" is-config="true" duration-ms="1321" started-at="2021-06-14T10:39:47 CEST" finished-at="2021-06-14T10:39:48 CEST">
          <reporter-output>
          </reporter-output>
        </test-method> <!-- nakonSvakogTesta -->
        <test-method status="PASS" signature="aferAllTests()[pri:0, instance:tests.LogInTests@fad74ee]" name="aferAllTests" is-config="true" duration-ms="144" started-at="2021-06-14T10:39:48 CEST" finished-at="2021-06-14T10:39:49 CEST">
          <reporter-output>
          </reporter-output>
        </test-method> <!-- aferAllTests -->
      </class> <!-- tests.LogInTests -->
    </test> <!-- Default test -->
  </suite> <!-- Default suite -->
</testng-results>
